{"error":{},"level":"error","message":"Falha ao obter posts"}
{"error":{},"level":"error","message":"Falha ao obter posts"}
{"error":{},"level":"error","message":"Falha ao obter posts"}
{"error":{},"level":"error","message":"Falha ao obter posts"}
{"error":{},"level":"error","message":"Falha ao obter posts"}
{"error":{},"level":"error","message":"Falha ao obter posts"}
{"error":{},"level":"error","message":"Falha ao obter posts"}
{"error":{},"level":"error","message":"Falha ao obter posts"}
{"error":{"clientVersion":"6.5.0","name":"PrismaClientValidationError"},"level":"error","message":"Falha ao obter posts"}
{"error":{},"level":"error","message":"Falha ao obter posts"}
{"error":{},"level":"error","message":"Falha ao obter posts"}
{"error":{},"level":"error","message":"Falha ao obter posts"}
{"error":{"clientVersion":"6.5.0","name":"PrismaClientValidationError"},"level":"error","message":"Falha ao obter posts"}
{"error":{"clientVersion":"6.5.0","name":"PrismaClientValidationError"},"level":"error","message":"Falha ao obter posts"}
{"error":{"clientVersion":"6.5.0","name":"PrismaClientValidationError"},"level":"error","message":"Falha ao obter posts"}
{"error":{"clientVersion":"6.5.0","name":"PrismaClientValidationError"},"level":"error","message":"Falha ao obter posts"}
{"error":{"clientVersion":"6.5.0","name":"PrismaClientInitializationError"},"level":"error","message":"Falha ao obter posts"}
{"error":{"clientVersion":"6.5.0","name":"PrismaClientInitializationError"},"level":"error","message":"Falha ao obter posts"}
{"error":{"clientVersion":"6.5.0","name":"PrismaClientInitializationError"},"level":"error","message":"Falha ao obter posts"}
{"error":{"clientVersion":"6.5.0","name":"PrismaClientInitializationError"},"level":"error","message":"Falha ao obter posts"}
{"error":{"clientVersion":"6.5.0","name":"PrismaClientInitializationError"},"level":"error","message":"Falha ao obter posts"}
{"error":{"clientVersion":"6.5.0","name":"PrismaClientInitializationError"},"level":"error","message":"Falha ao obter posts"}
{"error":{"clientVersion":"6.5.0","name":"PrismaClientInitializationError"},"level":"error","message":"Falha ao obter posts"}
{"error":{"clientVersion":"6.5.0","name":"PrismaClientInitializationError"},"level":"error","message":"Falha ao obter posts"}
{"error":{"clientVersion":"6.5.0","name":"PrismaClientInitializationError"},"level":"error","message":"Falha ao obter posts"}
{"error":{"clientVersion":"6.5.0","name":"PrismaClientInitializationError"},"level":"error","message":"Falha ao obter posts"}
{"error":{"clientVersion":"6.5.0","name":"PrismaClientInitializationError"},"level":"error","message":"Falha ao obter posts"}
{"level":"error","message":"Falha ao obter post. Post gerenciamento-de-estado-com-reduxss não encontrado.","stack":"Error: Post gerenciamento-de-estado-com-reduxss não encontrado.\n    at getPostBySlug (webpack-internal:///(rsc)/./src/app/posts/[slug]/page.js:34:19)\n    at async PagePost (webpack-internal:///(rsc)/./src/app/posts/[slug]/page.js:46:18)"}
{"level":"error","message":"Falha ao obter post. Post gerenciamento-de-estado-com-reduxx não encontrado.","stack":"Error: Post gerenciamento-de-estado-com-reduxx não encontrado.\n    at getPostBySlug (webpack-internal:///(rsc)/./src/app/posts/[slug]/page.js:34:19)\n    at async PagePost (webpack-internal:///(rsc)/./src/app/posts/[slug]/page.js:46:18)"}
{"level":"error","message":"Falha ao obter post. Post gerenciamento-de-estado-com-reduxx não encontrado.","stack":"Error: Post gerenciamento-de-estado-com-reduxx não encontrado.\n    at getPostBySlug (webpack-internal:///(rsc)/./src/app/posts/[slug]/page.js:34:19)\n    at async PagePost (webpack-internal:///(rsc)/./src/app/posts/[slug]/page.js:46:18)"}
{"error":{},"level":"error","message":"Falha ao obter posts"}
{"error":{},"level":"error","message":"Falha ao obter posts"}
{"error":{},"level":"error","message":"Falha ao obter posts"}
{"error":{},"level":"error","message":"Falha ao obter posts"}
{"error":{"clientVersion":"6.5.0","name":"PrismaClientValidationError"},"level":"error","message":"Falha ao obter posts"}
{"error":{"clientVersion":"6.5.0","name":"PrismaClientValidationError"},"level":"error","message":"Falha ao obter posts"}
{"error":{"clientVersion":"6.5.0","code":"P2037","meta":{"message":"FATAL: sorry, too many clients already","modelName":"Post"},"name":"PrismaClientKnownRequestError"},"level":"error","message":"Falha ao obter posts"}
{"error":{"clientVersion":"6.5.0","name":"PrismaClientInitializationError"},"level":"error","message":"Falha ao obter posts"}
{"error":{"clientVersion":"6.5.0","name":"PrismaClientInitializationError"},"level":"error","message":"Falha ao obter posts"}
{"error":{"clientVersion":"6.5.0","name":"PrismaClientInitializationError"},"level":"error","message":"Falha ao obter posts"}
{"error":{"clientVersion":"6.5.0","name":"PrismaClientInitializationError"},"level":"error","message":"Falha ao obter posts"}
{"error":{"clientVersion":"6.5.0","name":"PrismaClientInitializationError"},"level":"error","message":"Falha ao obter posts"}
{"error":{"clientVersion":"6.5.0","name":"PrismaClientInitializationError"},"level":"error","message":"Falha ao obter posts"}
{"error":{"clientVersion":"6.5.0","name":"PrismaClientInitializationError"},"level":"error","message":"Falha ao obter posts"}
{"error":{"clientVersion":"6.5.0","name":"PrismaClientInitializationError"},"level":"error","message":"Falha ao obter posts"}
{"error":{"clientVersion":"6.5.0","name":"PrismaClientInitializationError"},"level":"error","message":"Falha ao obter posts"}
{"error":{"clientVersion":"6.5.0","name":"PrismaClientInitializationError"},"level":"error","message":"Falha ao obter posts"}
{"error":{"clientVersion":"6.5.0","name":"PrismaClientInitializationError"},"level":"error","message":"Falha ao obter posts"}
{"error":{"clientVersion":"6.5.0","name":"PrismaClientInitializationError"},"level":"error","message":"Falha ao obter posts"}
{"error":{"clientVersion":"6.5.0","name":"PrismaClientInitializationError"},"level":"error","message":"Falha ao obter posts"}
{"error":{"clientVersion":"6.5.0","name":"PrismaClientInitializationError"},"level":"error","message":"Falha ao obter posts"}
{"error":{"clientVersion":"6.5.0","name":"PrismaClientInitializationError"},"level":"error","message":"Falha ao obter posts"}
{"error":{"clientVersion":"6.5.0","name":"PrismaClientInitializationError"},"level":"error","message":"Falha ao obter posts"}
{"error":{"clientVersion":"6.5.0","name":"PrismaClientInitializationError"},"level":"error","message":"Falha ao obter posts"}
{"error":{"clientVersion":"6.5.0","name":"PrismaClientInitializationError"},"level":"error","message":"Falha ao obter posts"}
{"error":{"clientVersion":"6.5.0","name":"PrismaClientInitializationError"},"level":"error","message":"Falha ao obter posts"}
{"error":{"clientVersion":"6.5.0","name":"PrismaClientInitializationError"},"level":"error","message":"Falha ao obter posts"}
{"error":{"clientVersion":"6.5.0","name":"PrismaClientInitializationError"},"level":"error","message":"Falha ao obter posts"}
{"error":{"clientVersion":"6.5.0","name":"PrismaClientInitializationError"},"level":"error","message":"Falha ao obter posts"}
{"error":{"clientVersion":"6.5.0","name":"PrismaClientInitializationError"},"level":"error","message":"Falha ao obter posts"}
{"error":{"clientVersion":"6.5.0","name":"PrismaClientInitializationError"},"level":"error","message":"Falha ao obter posts"}
{"error":{"clientVersion":"6.5.0","name":"PrismaClientInitializationError"},"level":"error","message":"Falha ao obter posts"}
{"error":{"clientVersion":"6.5.0","name":"PrismaClientInitializationError"},"level":"error","message":"Falha ao obter posts"}
{"error":{"clientVersion":"6.5.0","name":"PrismaClientInitializationError"},"level":"error","message":"Falha ao obter posts"}
{"error":{"clientVersion":"6.5.0","name":"PrismaClientInitializationError"},"level":"error","message":"Falha ao obter posts"}
{"error":{"clientVersion":"6.5.0","name":"PrismaClientInitializationError"},"level":"error","message":"Falha ao obter posts"}
{"error":{"clientVersion":"6.5.0","name":"PrismaClientInitializationError"},"level":"error","message":"Falha ao obter posts"}
{"error":{"clientVersion":"6.5.0","name":"PrismaClientInitializationError"},"level":"error","message":"Falha ao obter posts"}
{"error":{"clientVersion":"6.5.0","name":"PrismaClientInitializationError"},"level":"error","message":"Falha ao obter posts"}
{"error":{"clientVersion":"6.5.0","name":"PrismaClientInitializationError"},"level":"error","message":"Falha ao obter posts"}
{"error":{"clientVersion":"6.5.0","name":"PrismaClientInitializationError"},"level":"error","message":"Falha ao obter posts"}
{"error":{"clientVersion":"6.5.0","name":"PrismaClientInitializationError"},"level":"error","message":"Falha ao obter posts"}
{"error":{"clientVersion":"6.5.0","name":"PrismaClientInitializationError"},"level":"error","message":"Falha ao obter posts"}
{"error":{"clientVersion":"6.5.0","name":"PrismaClientInitializationError"},"level":"error","message":"Falha ao obter posts"}
{"error":{"clientVersion":"6.5.0","name":"PrismaClientInitializationError"},"level":"error","message":"Falha ao obter posts"}
{"error":{"clientVersion":"6.5.0","name":"PrismaClientInitializationError"},"level":"error","message":"Falha ao obter posts"}
{"error":{"clientVersion":"6.5.0","name":"PrismaClientInitializationError"},"level":"error","message":"Falha ao obter posts"}
{"error":{"clientVersion":"6.5.0","name":"PrismaClientInitializationError"},"level":"error","message":"Falha ao obter posts"}
{"error":{"clientVersion":"6.5.0","name":"PrismaClientInitializationError"},"level":"error","message":"Falha ao obter posts"}
{"error":{"clientVersion":"6.5.0","name":"PrismaClientInitializationError"},"level":"error","message":"Falha ao obter posts"}
{"error":{"clientVersion":"6.5.0","name":"PrismaClientInitializationError"},"level":"error","message":"Falha ao obter posts"}
{"error":{"clientVersion":"6.5.0","code":"P2022","meta":{"column":"Post.updatedAt","modelName":"Post"},"name":"PrismaClientKnownRequestError"},"level":"error","message":"Falha ao obter posts"}
{"error":{"clientVersion":"6.5.0","code":"P2022","meta":{"column":"Post.updatedAt","modelName":"Post"},"name":"PrismaClientKnownRequestError"},"level":"error","message":"Falha ao obter posts"}
{"error":{"clientVersion":"6.5.0","code":"P2022","meta":{"column":"Post.updatedAt","modelName":"Post"},"name":"PrismaClientKnownRequestError"},"level":"error","message":"Falha ao obter posts"}
{"error":{"clientVersion":"6.5.0","code":"P2022","meta":{"column":"Post.updatedAt","modelName":"Post"},"name":"PrismaClientKnownRequestError"},"level":"error","message":"Falha ao obter posts"}
{"error":{"clientVersion":"6.5.0","code":"P2022","meta":{"column":"Post.updatedAt","modelName":"Post"},"name":"PrismaClientKnownRequestError"},"level":"error","message":"Falha ao obter posts"}
{"error":{"clientVersion":"6.5.0","code":"P2022","meta":{"column":"Post.updatedAt","modelName":"Post"},"name":"PrismaClientKnownRequestError"},"level":"error","message":"Falha ao obter posts"}
{"error":{"clientVersion":"6.5.0","code":"P2022","meta":{"column":"Post.updatedAt","modelName":"Post"},"name":"PrismaClientKnownRequestError"},"level":"error","message":"Falha ao obter posts"}
{"error":{"clientVersion":"6.5.0","code":"P2022","meta":{"column":"Post.updatedAt","modelName":"Post"},"name":"PrismaClientKnownRequestError"},"level":"error","message":"Falha ao obter posts"}
{"error":{"clientVersion":"6.5.0","code":"P2022","meta":{"column":"Post.updatedAt","modelName":"Post"},"name":"PrismaClientKnownRequestError"},"level":"error","message":"Falha ao obter posts"}
{"error":{"clientVersion":"6.5.0","code":"P2022","meta":{"column":"Post.updatedAt","modelName":"Post"},"name":"PrismaClientKnownRequestError"},"level":"error","message":"Falha ao obter posts"}
{"error":{"clientVersion":"6.5.0","code":"P2022","meta":{"column":"Post.updatedAt","modelName":"Post"},"name":"PrismaClientKnownRequestError"},"level":"error","message":"Falha ao obter posts"}
{"error":{"clientVersion":"6.5.0","code":"P2022","meta":{"column":"Post.updatedAt","modelName":"Post"},"name":"PrismaClientKnownRequestError"},"level":"error","message":"Falha ao obter posts"}
{"error":{"clientVersion":"6.5.0","code":"P2022","meta":{"column":"Post.updatedAt","modelName":"Post"},"name":"PrismaClientKnownRequestError"},"level":"error","message":"Falha ao obter posts"}
{"error":{"clientVersion":"6.5.0","code":"P2022","meta":{"column":"Post.updatedAt","modelName":"Post"},"name":"PrismaClientKnownRequestError"},"level":"error","message":"Falha ao obter posts"}
{"error":{"clientVersion":"6.5.0","code":"P2022","meta":{"column":"Post.updatedAt","modelName":"Post"},"name":"PrismaClientKnownRequestError"},"level":"error","message":"Falha ao obter posts"}
{"error":{"clientVersion":"6.5.0","code":"P2022","meta":{"column":"Post.updatedAt","modelName":"Post"},"name":"PrismaClientKnownRequestError"},"level":"error","message":"Falha ao obter posts"}
{"level":"error","message":"Falha ao obter post. author is not defined","stack":"ReferenceError: author is not defined\n    at getPostBySlug (webpack-internal:///(rsc)/./src/app/posts/[slug]/page.js:37:38)\n    at PagePost (webpack-internal:///(rsc)/./src/app/posts/[slug]/page.js:59:24)\n    at e_ (/Users/fernandavaz/Documents/dev/alura/alura-code-connect/node_modules/next/dist/compiled/next-server/app-page.runtime.dev.js:35:264164)\n    at e (/Users/fernandavaz/Documents/dev/alura/alura-code-connect/node_modules/next/dist/compiled/next-server/app-page.runtime.dev.js:35:268296)\n    at eF (/Users/fernandavaz/Documents/dev/alura/alura-code-connect/node_modules/next/dist/compiled/next-server/app-page.runtime.dev.js:35:268784)\n    at eq (/Users/fernandavaz/Documents/dev/alura/alura-code-connect/node_modules/next/dist/compiled/next-server/app-page.runtime.dev.js:35:274748)\n    at ej (/Users/fernandavaz/Documents/dev/alura/alura-code-connect/node_modules/next/dist/compiled/next-server/app-page.runtime.dev.js:35:264992)\n    at e_ (/Users/fernandavaz/Documents/dev/alura/alura-code-connect/node_modules/next/dist/compiled/next-server/app-page.runtime.dev.js:35:264034)\n    at e (/Users/fernandavaz/Documents/dev/alura/alura-code-connect/node_modules/next/dist/compiled/next-server/app-page.runtime.dev.js:35:268296)\n    at eF (/Users/fernandavaz/Documents/dev/alura/alura-code-connect/node_modules/next/dist/compiled/next-server/app-page.runtime.dev.js:35:268784)\n    at /Users/fernandavaz/Documents/dev/alura/alura-code-connect/node_modules/next/dist/compiled/next-server/app-page.runtime.dev.js:35:266015\n    at Array.toJSON (/Users/fernandavaz/Documents/dev/alura/alura-code-connect/node_modules/next/dist/compiled/next-server/app-page.runtime.dev.js:35:266479)\n    at stringify (<anonymous>)\n    at eq (/Users/fernandavaz/Documents/dev/alura/alura-code-connect/node_modules/next/dist/compiled/next-server/app-page.runtime.dev.js:35:274847)\n    at eJ (/Users/fernandavaz/Documents/dev/alura/alura-code-connect/node_modules/next/dist/compiled/next-server/app-page.runtime.dev.js:35:275365)\n    at AsyncLocalStorage.run (node:internal/async_local_storage/async_hooks:91:14)\n    at Timeout._onTimeout (/Users/fernandavaz/Documents/dev/alura/alura-code-connect/node_modules/next/dist/compiled/next-server/app-page.runtime.dev.js:35:283454)\n    at listOnTimeout (node:internal/timers:594:17)\n    at process.processTimers (node:internal/timers:529:7)"}
